irun(64): 15.20-s086: (c) Copyright 1995-2020 Cadence Design Systems, Inc.
TOOL:	irun(64)	15.20-s086: Started on Feb 23, 2026 at 11:26:42 IST
irun
	dff.v
	tb_dff.v
	-access +rwc
	-gui

-------------------------------------
Relinquished control to SimVision...
ncsim> 
ncsim> source /home/install/INCISIVE152/tools/inca/files/ncsimrc
ncsim> database -open waves -into waves.shm -default
Created default SHM database waves
ncsim> probe -create -shm tb_dff.clk tb_dff.d tb_dff.q tb_dff.res
Created probe 1
ncsim> run
time =                    0 d = 0 q = x res = 1 clk = 0
time =                   25 d = 0 q = 0 res = 1 clk = 1
time =                   50 d = 0 q = 0 res = 1 clk = 0
time =                   75 d = 0 q = 0 res = 1 clk = 1
time =                  100 d = 0 q = 0 res = 0 clk = 0
time =                  125 d = 0 q = 0 res = 0 clk = 1
time =                  150 d = 0 q = 0 res = 0 clk = 0
time =                  175 d = 0 q = 0 res = 0 clk = 1
time =                  200 d = 0 q = 0 res = 1 clk = 0
time =                  225 d = 0 q = 0 res = 1 clk = 1
time =                  250 d = 0 q = 0 res = 1 clk = 0
time =                  275 d = 0 q = 0 res = 1 clk = 1
time =                  300 d = 1 q = 0 res = 1 clk = 0
time =                  325 d = 1 q = 1 res = 1 clk = 1
time =                  350 d = 1 q = 1 res = 1 clk = 0
time =                  375 d = 1 q = 1 res = 1 clk = 1
time =                  400 d = 0 q = 1 res = 1 clk = 0
time =                  425 d = 0 q = 0 res = 1 clk = 1
time =                  450 d = 0 q = 0 res = 1 clk = 0
time =                  475 d = 0 q = 0 res = 1 clk = 1
time =                  500 d = 0 q = 0 res = 1 clk = 0
time =                  525 d = 0 q = 0 res = 1 clk = 1
time =                  550 d = 0 q = 0 res = 1 clk = 0
time =                  575 d = 0 q = 0 res = 1 clk = 1
time =                  600 d = 1 q = 0 res = 1 clk = 0
time =                  625 d = 1 q = 1 res = 1 clk = 1
time =                  650 d = 1 q = 1 res = 1 clk = 0
time =                  675 d = 1 q = 1 res = 1 clk = 1
Simulation complete via $finish(1) at time 700 NS + 0
./tb_dff.v:14 #100 $finish;
ncsim> ^C
ncsim> exit
...Regained control from SimVision
-------------------------------------
TOOL:	irun(64)	15.20-s086: Exiting on Feb 23, 2026 at 11:30:26 IST  (total: 00:03:44)
