#! /usr/bin/vvp
:ivl_version "12.0 (stable)";
:ivl_delay_selection "TYPICAL";
:vpi_time_precision + 0;
:vpi_module "/usr/lib/x86_64-linux-gnu/ivl/system.vpi";
:vpi_module "/usr/lib/x86_64-linux-gnu/ivl/vhdl_sys.vpi";
:vpi_module "/usr/lib/x86_64-linux-gnu/ivl/vhdl_textio.vpi";
:vpi_module "/usr/lib/x86_64-linux-gnu/ivl/v2005_math.vpi";
:vpi_module "/usr/lib/x86_64-linux-gnu/ivl/va_math.vpi";
S_0x64fca6991e60 .scope module, "tb_fa" "tb_fa" 2 1;
 .timescale 0 0;
v0x64fca69a8c20_0 .var "a", 2 0;
v0x64fca69a8ce0_0 .net "c", 0 0, L_0x64fca69a9820;  1 drivers
v0x64fca69a8d80_0 .net "s", 0 0, L_0x64fca69a8e80;  1 drivers
S_0x64fca6991ff0 .scope module, "f1" "fa" 2 4, 3 1 0, S_0x64fca6991e60;
 .timescale 0 0;
    .port_info 0 /OUTPUT 1 "s";
    .port_info 1 /OUTPUT 1 "c";
    .port_info 2 /INPUT 3 "a";
L_0x64fca69a90b0 .functor AND 1, L_0x64fca69a8f70, L_0x64fca69a9010, C4<1>, C4<1>;
L_0x64fca69a9310 .functor AND 1, L_0x64fca69a91a0, L_0x64fca69a9270, C4<1>, C4<1>;
L_0x64fca69a9450 .functor OR 1, L_0x64fca69a90b0, L_0x64fca69a9310, C4<0>, C4<0>;
L_0x64fca69a96e0 .functor AND 1, L_0x64fca69a9560, L_0x64fca69a9640, C4<1>, C4<1>;
L_0x64fca69a9820 .functor OR 1, L_0x64fca69a9450, L_0x64fca69a96e0, C4<0>, C4<0>;
v0x64fca6992220_0 .net *"_ivl_11", 0 0, L_0x64fca69a9270;  1 drivers
v0x64fca69a8130_0 .net *"_ivl_12", 0 0, L_0x64fca69a9310;  1 drivers
v0x64fca69a8210_0 .net *"_ivl_14", 0 0, L_0x64fca69a9450;  1 drivers
v0x64fca69a82d0_0 .net *"_ivl_17", 0 0, L_0x64fca69a9560;  1 drivers
v0x64fca69a83b0_0 .net *"_ivl_19", 0 0, L_0x64fca69a9640;  1 drivers
v0x64fca69a84e0_0 .net *"_ivl_20", 0 0, L_0x64fca69a96e0;  1 drivers
v0x64fca69a85c0_0 .net *"_ivl_3", 0 0, L_0x64fca69a8f70;  1 drivers
v0x64fca69a86a0_0 .net *"_ivl_5", 0 0, L_0x64fca69a9010;  1 drivers
v0x64fca69a8780_0 .net *"_ivl_6", 0 0, L_0x64fca69a90b0;  1 drivers
v0x64fca69a8860_0 .net *"_ivl_9", 0 0, L_0x64fca69a91a0;  1 drivers
v0x64fca69a8940_0 .net "a", 2 0, v0x64fca69a8c20_0;  1 drivers
v0x64fca69a8a20_0 .net "c", 0 0, L_0x64fca69a9820;  alias, 1 drivers
v0x64fca69a8ae0_0 .net "s", 0 0, L_0x64fca69a8e80;  alias, 1 drivers
L_0x64fca69a8e80 .reduce/xor v0x64fca69a8c20_0;
L_0x64fca69a8f70 .part v0x64fca69a8c20_0, 0, 1;
L_0x64fca69a9010 .part v0x64fca69a8c20_0, 1, 1;
L_0x64fca69a91a0 .part v0x64fca69a8c20_0, 1, 1;
L_0x64fca69a9270 .part v0x64fca69a8c20_0, 2, 1;
L_0x64fca69a9560 .part v0x64fca69a8c20_0, 0, 1;
L_0x64fca69a9640 .part v0x64fca69a8c20_0, 2, 1;
    .scope S_0x64fca6991e60;
T_0 ;
    %vpi_call 2 6 "$dumpfile", "fa.vcd" {0 0 0};
    %vpi_call 2 7 "$dumpvars", 32'sb00000000000000000000000000000000, S_0x64fca6991e60 {0 0 0};
    %pushi/vec4 0, 0, 3;
    %store/vec4 v0x64fca69a8c20_0, 0, 3;
    %delay 100, 0;
    %pushi/vec4 1, 0, 3;
    %store/vec4 v0x64fca69a8c20_0, 0, 3;
    %delay 100, 0;
    %pushi/vec4 2, 0, 3;
    %store/vec4 v0x64fca69a8c20_0, 0, 3;
    %delay 100, 0;
    %pushi/vec4 3, 0, 3;
    %store/vec4 v0x64fca69a8c20_0, 0, 3;
    %delay 100, 0;
    %pushi/vec4 4, 0, 3;
    %store/vec4 v0x64fca69a8c20_0, 0, 3;
    %delay 100, 0;
    %pushi/vec4 5, 0, 3;
    %store/vec4 v0x64fca69a8c20_0, 0, 3;
    %delay 100, 0;
    %pushi/vec4 6, 0, 3;
    %store/vec4 v0x64fca69a8c20_0, 0, 3;
    %delay 100, 0;
    %pushi/vec4 7, 0, 3;
    %store/vec4 v0x64fca69a8c20_0, 0, 3;
    %delay 100, 0;
    %vpi_call 2 16 "$finish" {0 0 0};
    %end;
    .thread T_0;
    .scope S_0x64fca6991e60;
T_1 ;
    %vpi_call 2 20 "$monitor", "time = %t i = %b s = %b c = %b", $time, v0x64fca69a8c20_0, v0x64fca69a8d80_0, v0x64fca69a8ce0_0 {0 0 0};
    %end;
    .thread T_1;
# The file index is used to find the file name in the following table.
:file_names 4;
    "N/A";
    "<interactive>";
    "tb_fa.v";
    "fa.v";
