#! /usr/bin/vvp
:ivl_version "12.0 (stable)";
:ivl_delay_selection "TYPICAL";
:vpi_time_precision + 0;
:vpi_module "/usr/lib/x86_64-linux-gnu/ivl/system.vpi";
:vpi_module "/usr/lib/x86_64-linux-gnu/ivl/vhdl_sys.vpi";
:vpi_module "/usr/lib/x86_64-linux-gnu/ivl/vhdl_textio.vpi";
:vpi_module "/usr/lib/x86_64-linux-gnu/ivl/v2005_math.vpi";
:vpi_module "/usr/lib/x86_64-linux-gnu/ivl/va_math.vpi";
S_0x60f867d0ca80 .scope module, "tb_decoder_3to8" "tb_decoder_3to8" 2 1;
 .timescale 0 0;
v0x60f867d309e0_0 .net "d", 7 0, L_0x60f867d33ae0;  1 drivers
v0x60f867d30aa0_0 .var "i", 2 0;
S_0x60f867d0cc10 .scope module, "de" "decoder_3to8" 2 4, 3 1 0, S_0x60f867d0ca80;
 .timescale 0 0;
    .port_info 0 /INPUT 3 "i";
    .port_info 1 /OUTPUT 8 "d";
L_0x60f867d30c40 .functor NOT 1, L_0x60f867d30b70, C4<0>, C4<0>, C4<0>;
L_0x60f867d30da0 .functor NOT 1, L_0x60f867d30d00, C4<0>, C4<0>, C4<0>;
L_0x60f867d30e90 .functor AND 1, L_0x60f867d30c40, L_0x60f867d30da0, C4<1>, C4<1>;
L_0x60f867d31040 .functor NOT 1, L_0x60f867d30fa0, C4<0>, C4<0>, C4<0>;
L_0x60f867d310e0 .functor AND 1, L_0x60f867d30e90, L_0x60f867d31040, C4<1>, C4<1>;
L_0x60f867d312c0 .functor NOT 1, L_0x60f867d311f0, C4<0>, C4<0>, C4<0>;
L_0x60f867d31460 .functor NOT 1, L_0x60f867d313c0, C4<0>, C4<0>, C4<0>;
L_0x60f867d31520 .functor AND 1, L_0x60f867d312c0, L_0x60f867d31460, C4<1>, C4<1>;
L_0x60f867d31760 .functor AND 1, L_0x60f867d31520, L_0x60f867d31680, C4<1>, C4<1>;
L_0x60f867d31910 .functor NOT 1, L_0x60f867d31870, C4<0>, C4<0>, C4<0>;
L_0x60f867d31b20 .functor AND 1, L_0x60f867d31910, L_0x60f867d31a30, C4<1>, C4<1>;
L_0x60f867d31c80 .functor NOT 1, L_0x60f867d31be0, C4<0>, C4<0>, C4<0>;
L_0x60f867d31db0 .functor AND 1, L_0x60f867d31b20, L_0x60f867d31c80, C4<1>, C4<1>;
L_0x60f867d31fc0 .functor NOT 1, L_0x60f867d31ec0, C4<0>, C4<0>, C4<0>;
L_0x60f867d31d40 .functor AND 1, L_0x60f867d31fc0, L_0x60f867d320b0, C4<1>, C4<1>;
L_0x60f867d32330 .functor AND 1, L_0x60f867d31d40, L_0x60f867d32220, C4<1>, C4<1>;
L_0x60f867d322c0 .functor NOT 1, L_0x60f867d32570, C4<0>, C4<0>, C4<0>;
L_0x60f867d32710 .functor AND 1, L_0x60f867d324d0, L_0x60f867d322c0, C4<1>, C4<1>;
L_0x60f867d32b70 .functor NOT 1, L_0x60f867d328c0, C4<0>, C4<0>, C4<0>;
L_0x60f867d32c30 .functor AND 1, L_0x60f867d32710, L_0x60f867d32b70, C4<1>, C4<1>;
L_0x60f867d32f20 .functor NOT 1, L_0x60f867d32e80, C4<0>, C4<0>, C4<0>;
L_0x60f867d33010 .functor AND 1, L_0x60f867d32820, L_0x60f867d32f20, C4<1>, C4<1>;
L_0x60f867d33320 .functor AND 1, L_0x60f867d33010, L_0x60f867d331e0, C4<1>, C4<1>;
L_0x60f867d33620 .functor AND 1, L_0x60f867d33430, L_0x60f867d334d0, C4<1>, C4<1>;
L_0x60f867d33830 .functor NOT 1, L_0x60f867d33280, C4<0>, C4<0>, C4<0>;
L_0x60f867d338f0 .functor AND 1, L_0x60f867d33620, L_0x60f867d33830, C4<1>, C4<1>;
L_0x60f867d34120 .functor AND 1, L_0x60f867d33f10, L_0x60f867d33fb0, C4<1>, C4<1>;
L_0x60f867d342d0 .functor AND 1, L_0x60f867d34120, L_0x60f867d34230, C4<1>, C4<1>;
v0x60f867cf77b0_0 .net *"_ivl_10", 0 0, L_0x60f867d30e90;  1 drivers
v0x60f867cf5520_0 .net *"_ivl_100", 0 0, L_0x60f867d33620;  1 drivers
v0x60f867d2d9c0_0 .net *"_ivl_103", 0 0, L_0x60f867d33280;  1 drivers
v0x60f867d2da80_0 .net *"_ivl_104", 0 0, L_0x60f867d33830;  1 drivers
v0x60f867d2db60_0 .net *"_ivl_106", 0 0, L_0x60f867d338f0;  1 drivers
v0x60f867d2dc90_0 .net *"_ivl_112", 0 0, L_0x60f867d33f10;  1 drivers
v0x60f867d2dd70_0 .net *"_ivl_114", 0 0, L_0x60f867d33fb0;  1 drivers
v0x60f867d2de50_0 .net *"_ivl_115", 0 0, L_0x60f867d34120;  1 drivers
v0x60f867d2df30_0 .net *"_ivl_118", 0 0, L_0x60f867d34230;  1 drivers
v0x60f867d2e010_0 .net *"_ivl_119", 0 0, L_0x60f867d342d0;  1 drivers
v0x60f867d2e0f0_0 .net *"_ivl_13", 0 0, L_0x60f867d30fa0;  1 drivers
v0x60f867d2e1d0_0 .net *"_ivl_14", 0 0, L_0x60f867d31040;  1 drivers
v0x60f867d2e2b0_0 .net *"_ivl_16", 0 0, L_0x60f867d310e0;  1 drivers
v0x60f867d2e390_0 .net *"_ivl_21", 0 0, L_0x60f867d311f0;  1 drivers
v0x60f867d2e470_0 .net *"_ivl_22", 0 0, L_0x60f867d312c0;  1 drivers
v0x60f867d2e550_0 .net *"_ivl_25", 0 0, L_0x60f867d313c0;  1 drivers
v0x60f867d2e630_0 .net *"_ivl_26", 0 0, L_0x60f867d31460;  1 drivers
v0x60f867d2e710_0 .net *"_ivl_28", 0 0, L_0x60f867d31520;  1 drivers
v0x60f867d2e7f0_0 .net *"_ivl_3", 0 0, L_0x60f867d30b70;  1 drivers
v0x60f867d2e8d0_0 .net *"_ivl_31", 0 0, L_0x60f867d31680;  1 drivers
v0x60f867d2e9b0_0 .net *"_ivl_32", 0 0, L_0x60f867d31760;  1 drivers
v0x60f867d2ea90_0 .net *"_ivl_37", 0 0, L_0x60f867d31870;  1 drivers
v0x60f867d2eb70_0 .net *"_ivl_38", 0 0, L_0x60f867d31910;  1 drivers
v0x60f867d2ec50_0 .net *"_ivl_4", 0 0, L_0x60f867d30c40;  1 drivers
v0x60f867d2ed30_0 .net *"_ivl_41", 0 0, L_0x60f867d31a30;  1 drivers
v0x60f867d2ee10_0 .net *"_ivl_42", 0 0, L_0x60f867d31b20;  1 drivers
v0x60f867d2eef0_0 .net *"_ivl_45", 0 0, L_0x60f867d31be0;  1 drivers
v0x60f867d2efd0_0 .net *"_ivl_46", 0 0, L_0x60f867d31c80;  1 drivers
v0x60f867d2f0b0_0 .net *"_ivl_48", 0 0, L_0x60f867d31db0;  1 drivers
v0x60f867d2f190_0 .net *"_ivl_53", 0 0, L_0x60f867d31ec0;  1 drivers
v0x60f867d2f270_0 .net *"_ivl_54", 0 0, L_0x60f867d31fc0;  1 drivers
v0x60f867d2f350_0 .net *"_ivl_57", 0 0, L_0x60f867d320b0;  1 drivers
v0x60f867d2f430_0 .net *"_ivl_58", 0 0, L_0x60f867d31d40;  1 drivers
v0x60f867d2f720_0 .net *"_ivl_61", 0 0, L_0x60f867d32220;  1 drivers
v0x60f867d2f800_0 .net *"_ivl_62", 0 0, L_0x60f867d32330;  1 drivers
v0x60f867d2f8e0_0 .net *"_ivl_67", 0 0, L_0x60f867d324d0;  1 drivers
v0x60f867d2f9c0_0 .net *"_ivl_69", 0 0, L_0x60f867d32570;  1 drivers
v0x60f867d2faa0_0 .net *"_ivl_7", 0 0, L_0x60f867d30d00;  1 drivers
v0x60f867d2fb80_0 .net *"_ivl_70", 0 0, L_0x60f867d322c0;  1 drivers
v0x60f867d2fc60_0 .net *"_ivl_72", 0 0, L_0x60f867d32710;  1 drivers
v0x60f867d2fd40_0 .net *"_ivl_75", 0 0, L_0x60f867d328c0;  1 drivers
v0x60f867d2fe20_0 .net *"_ivl_76", 0 0, L_0x60f867d32b70;  1 drivers
v0x60f867d2ff00_0 .net *"_ivl_78", 0 0, L_0x60f867d32c30;  1 drivers
v0x60f867d2ffe0_0 .net *"_ivl_8", 0 0, L_0x60f867d30da0;  1 drivers
v0x60f867d300c0_0 .net *"_ivl_83", 0 0, L_0x60f867d32820;  1 drivers
v0x60f867d301a0_0 .net *"_ivl_85", 0 0, L_0x60f867d32e80;  1 drivers
v0x60f867d30280_0 .net *"_ivl_86", 0 0, L_0x60f867d32f20;  1 drivers
v0x60f867d30360_0 .net *"_ivl_88", 0 0, L_0x60f867d33010;  1 drivers
v0x60f867d30440_0 .net *"_ivl_91", 0 0, L_0x60f867d331e0;  1 drivers
v0x60f867d30520_0 .net *"_ivl_92", 0 0, L_0x60f867d33320;  1 drivers
v0x60f867d30600_0 .net *"_ivl_97", 0 0, L_0x60f867d33430;  1 drivers
v0x60f867d306e0_0 .net *"_ivl_99", 0 0, L_0x60f867d334d0;  1 drivers
v0x60f867d307c0_0 .net "d", 7 0, L_0x60f867d33ae0;  alias, 1 drivers
v0x60f867d308a0_0 .net "i", 2 0, v0x60f867d30aa0_0;  1 drivers
L_0x60f867d30b70 .part v0x60f867d30aa0_0, 2, 1;
L_0x60f867d30d00 .part v0x60f867d30aa0_0, 1, 1;
L_0x60f867d30fa0 .part v0x60f867d30aa0_0, 0, 1;
L_0x60f867d311f0 .part v0x60f867d30aa0_0, 2, 1;
L_0x60f867d313c0 .part v0x60f867d30aa0_0, 1, 1;
L_0x60f867d31680 .part v0x60f867d30aa0_0, 0, 1;
L_0x60f867d31870 .part v0x60f867d30aa0_0, 2, 1;
L_0x60f867d31a30 .part v0x60f867d30aa0_0, 1, 1;
L_0x60f867d31be0 .part v0x60f867d30aa0_0, 0, 1;
L_0x60f867d31ec0 .part v0x60f867d30aa0_0, 2, 1;
L_0x60f867d320b0 .part v0x60f867d30aa0_0, 1, 1;
L_0x60f867d32220 .part v0x60f867d30aa0_0, 0, 1;
L_0x60f867d324d0 .part v0x60f867d30aa0_0, 2, 1;
L_0x60f867d32570 .part v0x60f867d30aa0_0, 1, 1;
L_0x60f867d328c0 .part v0x60f867d30aa0_0, 0, 1;
L_0x60f867d32820 .part v0x60f867d30aa0_0, 2, 1;
L_0x60f867d32e80 .part v0x60f867d30aa0_0, 1, 1;
L_0x60f867d331e0 .part v0x60f867d30aa0_0, 0, 1;
L_0x60f867d33430 .part v0x60f867d30aa0_0, 2, 1;
L_0x60f867d334d0 .part v0x60f867d30aa0_0, 1, 1;
L_0x60f867d33280 .part v0x60f867d30aa0_0, 0, 1;
LS_0x60f867d33ae0_0_0 .concat8 [ 1 1 1 1], L_0x60f867d310e0, L_0x60f867d31760, L_0x60f867d31db0, L_0x60f867d32330;
LS_0x60f867d33ae0_0_4 .concat8 [ 1 1 1 1], L_0x60f867d32c30, L_0x60f867d33320, L_0x60f867d338f0, L_0x60f867d342d0;
L_0x60f867d33ae0 .concat8 [ 4 4 0 0], LS_0x60f867d33ae0_0_0, LS_0x60f867d33ae0_0_4;
L_0x60f867d33f10 .part v0x60f867d30aa0_0, 2, 1;
L_0x60f867d33fb0 .part v0x60f867d30aa0_0, 1, 1;
L_0x60f867d34230 .part v0x60f867d30aa0_0, 0, 1;
    .scope S_0x60f867d0ca80;
T_0 ;
    %vpi_call 2 6 "$dumpfile", "tb_decoder_3to8.vcd" {0 0 0};
    %vpi_call 2 7 "$dumpvars", 32'sb00000000000000000000000000000000, S_0x60f867d0ca80 {0 0 0};
    %pushi/vec4 0, 0, 3;
    %store/vec4 v0x60f867d30aa0_0, 0, 3;
    %delay 100, 0;
    %pushi/vec4 1, 0, 3;
    %store/vec4 v0x60f867d30aa0_0, 0, 3;
    %delay 100, 0;
    %pushi/vec4 2, 0, 3;
    %store/vec4 v0x60f867d30aa0_0, 0, 3;
    %delay 100, 0;
    %pushi/vec4 3, 0, 3;
    %store/vec4 v0x60f867d30aa0_0, 0, 3;
    %delay 100, 0;
    %pushi/vec4 4, 0, 3;
    %store/vec4 v0x60f867d30aa0_0, 0, 3;
    %delay 100, 0;
    %pushi/vec4 5, 0, 3;
    %store/vec4 v0x60f867d30aa0_0, 0, 3;
    %delay 100, 0;
    %pushi/vec4 6, 0, 3;
    %store/vec4 v0x60f867d30aa0_0, 0, 3;
    %delay 100, 0;
    %pushi/vec4 7, 0, 3;
    %store/vec4 v0x60f867d30aa0_0, 0, 3;
    %delay 100, 0;
    %vpi_call 2 16 "$finish" {0 0 0};
    %end;
    .thread T_0;
    .scope S_0x60f867d0ca80;
T_1 ;
    %vpi_call 2 20 "$monitor", "time = %t i = %b d = %b", $time, v0x60f867d30aa0_0, v0x60f867d309e0_0 {0 0 0};
    %end;
    .thread T_1;
# The file index is used to find the file name in the following table.
:file_names 4;
    "N/A";
    "<interactive>";
    "tb_decoder_3to8.v";
    "decoder_3to8.v";
