#! /usr/bin/vvp
:ivl_version "12.0 (stable)";
:ivl_delay_selection "TYPICAL";
:vpi_time_precision + 0;
:vpi_module "/usr/lib/x86_64-linux-gnu/ivl/system.vpi";
:vpi_module "/usr/lib/x86_64-linux-gnu/ivl/vhdl_sys.vpi";
:vpi_module "/usr/lib/x86_64-linux-gnu/ivl/vhdl_textio.vpi";
:vpi_module "/usr/lib/x86_64-linux-gnu/ivl/v2005_math.vpi";
:vpi_module "/usr/lib/x86_64-linux-gnu/ivl/va_math.vpi";
S_0x564d2f2fcd20 .scope module, "tb_alu_8bit" "tb_alu_8bit" 2 1;
 .timescale 0 0;
v0x564d2f329b70_0 .var "a", 7 0;
v0x564d2f329c50_0 .var "b", 7 0;
v0x564d2f329d20_0 .var "ms", 1 0;
v0x564d2f329e20_0 .net "r", 7 0, v0x564d2f329830_0;  1 drivers
v0x564d2f329ef0_0 .var "ss", 1 0;
S_0x564d2f311a20 .scope module, "uut" "alu_8bit" 2 7, 3 1 0, S_0x564d2f2fcd20;
 .timescale 0 0;
    .port_info 0 /OUTPUT 8 "r";
    .port_info 1 /INPUT 8 "a";
    .port_info 2 /INPUT 8 "b";
    .port_info 3 /INPUT 2 "ms";
    .port_info 4 /INPUT 2 "ss";
v0x564d2f311c00_0 .net "a", 7 0, v0x564d2f329b70_0;  1 drivers
v0x564d2f329480_0 .var "ar", 7 0;
v0x564d2f329560_0 .net "b", 7 0, v0x564d2f329c50_0;  1 drivers
v0x564d2f329620_0 .var "lr", 7 0;
v0x564d2f329700_0 .net "ms", 1 0, v0x564d2f329d20_0;  1 drivers
v0x564d2f329830_0 .var "r", 7 0;
v0x564d2f329910_0 .var "sr", 7 0;
v0x564d2f3299f0_0 .net "ss", 1 0, v0x564d2f329ef0_0;  1 drivers
E_0x564d2f30d920/0 .event anyedge, v0x564d2f3299f0_0, v0x564d2f311c00_0, v0x564d2f329560_0, v0x564d2f329700_0;
E_0x564d2f30d920/1 .event anyedge, v0x564d2f329480_0, v0x564d2f329620_0, v0x564d2f329910_0;
E_0x564d2f30d920 .event/or E_0x564d2f30d920/0, E_0x564d2f30d920/1;
    .scope S_0x564d2f311a20;
T_0 ;
    %wait E_0x564d2f30d920;
    %load/vec4 v0x564d2f3299f0_0;
    %dup/vec4;
    %pushi/vec4 0, 0, 2;
    %cmp/u;
    %jmp/1 T_0.0, 6;
    %dup/vec4;
    %pushi/vec4 1, 0, 2;
    %cmp/u;
    %jmp/1 T_0.1, 6;
    %dup/vec4;
    %pushi/vec4 2, 0, 2;
    %cmp/u;
    %jmp/1 T_0.2, 6;
    %dup/vec4;
    %pushi/vec4 3, 0, 2;
    %cmp/u;
    %jmp/1 T_0.3, 6;
    %jmp T_0.4;
T_0.0 ;
    %load/vec4 v0x564d2f311c00_0;
    %load/vec4 v0x564d2f329560_0;
    %add;
    %assign/vec4 v0x564d2f329480_0, 0;
    %jmp T_0.4;
T_0.1 ;
    %load/vec4 v0x564d2f311c00_0;
    %load/vec4 v0x564d2f329560_0;
    %sub;
    %assign/vec4 v0x564d2f329480_0, 0;
    %jmp T_0.4;
T_0.2 ;
    %load/vec4 v0x564d2f311c00_0;
    %addi 1, 0, 8;
    %assign/vec4 v0x564d2f329480_0, 0;
    %jmp T_0.4;
T_0.3 ;
    %load/vec4 v0x564d2f311c00_0;
    %subi 1, 0, 8;
    %assign/vec4 v0x564d2f329480_0, 0;
    %jmp T_0.4;
T_0.4 ;
    %pop/vec4 1;
    %load/vec4 v0x564d2f3299f0_0;
    %dup/vec4;
    %pushi/vec4 0, 0, 2;
    %cmp/u;
    %jmp/1 T_0.5, 6;
    %dup/vec4;
    %pushi/vec4 1, 0, 2;
    %cmp/u;
    %jmp/1 T_0.6, 6;
    %dup/vec4;
    %pushi/vec4 2, 0, 2;
    %cmp/u;
    %jmp/1 T_0.7, 6;
    %dup/vec4;
    %pushi/vec4 3, 0, 2;
    %cmp/u;
    %jmp/1 T_0.8, 6;
    %jmp T_0.9;
T_0.5 ;
    %load/vec4 v0x564d2f311c00_0;
    %load/vec4 v0x564d2f329560_0;
    %and;
    %assign/vec4 v0x564d2f329620_0, 0;
    %jmp T_0.9;
T_0.6 ;
    %load/vec4 v0x564d2f311c00_0;
    %load/vec4 v0x564d2f329560_0;
    %or;
    %assign/vec4 v0x564d2f329620_0, 0;
    %jmp T_0.9;
T_0.7 ;
    %load/vec4 v0x564d2f311c00_0;
    %load/vec4 v0x564d2f329560_0;
    %xor;
    %assign/vec4 v0x564d2f329620_0, 0;
    %jmp T_0.9;
T_0.8 ;
    %load/vec4 v0x564d2f311c00_0;
    %inv;
    %assign/vec4 v0x564d2f329620_0, 0;
    %jmp T_0.9;
T_0.9 ;
    %pop/vec4 1;
    %load/vec4 v0x564d2f3299f0_0;
    %dup/vec4;
    %pushi/vec4 0, 0, 2;
    %cmp/u;
    %jmp/1 T_0.10, 6;
    %dup/vec4;
    %pushi/vec4 1, 0, 2;
    %cmp/u;
    %jmp/1 T_0.11, 6;
    %jmp T_0.12;
T_0.10 ;
    %load/vec4 v0x564d2f311c00_0;
    %ix/load 4, 1, 0;
    %flag_set/imm 4, 0;
    %shiftl 4;
    %assign/vec4 v0x564d2f329910_0, 0;
    %jmp T_0.12;
T_0.11 ;
    %load/vec4 v0x564d2f311c00_0;
    %ix/load 4, 1, 0;
    %flag_set/imm 4, 0;
    %shiftr 4;
    %assign/vec4 v0x564d2f329910_0, 0;
    %jmp T_0.12;
T_0.12 ;
    %pop/vec4 1;
    %load/vec4 v0x564d2f329700_0;
    %dup/vec4;
    %pushi/vec4 0, 0, 2;
    %cmp/u;
    %jmp/1 T_0.13, 6;
    %dup/vec4;
    %pushi/vec4 1, 0, 2;
    %cmp/u;
    %jmp/1 T_0.14, 6;
    %dup/vec4;
    %pushi/vec4 2, 0, 2;
    %cmp/u;
    %jmp/1 T_0.15, 6;
    %dup/vec4;
    %pushi/vec4 3, 0, 2;
    %cmp/u;
    %jmp/1 T_0.16, 6;
    %jmp T_0.17;
T_0.13 ;
    %load/vec4 v0x564d2f329480_0;
    %assign/vec4 v0x564d2f329830_0, 0;
    %jmp T_0.17;
T_0.14 ;
    %load/vec4 v0x564d2f329620_0;
    %assign/vec4 v0x564d2f329830_0, 0;
    %jmp T_0.17;
T_0.15 ;
    %load/vec4 v0x564d2f329910_0;
    %assign/vec4 v0x564d2f329830_0, 0;
    %jmp T_0.17;
T_0.16 ;
    %pushi/vec4 0, 0, 8;
    %assign/vec4 v0x564d2f329830_0, 0;
    %jmp T_0.17;
T_0.17 ;
    %pop/vec4 1;
    %jmp T_0;
    .thread T_0, $push;
    .scope S_0x564d2f2fcd20;
T_1 ;
    %vpi_call 2 11 "$dumpfile", "alu_8bit.vcd" {0 0 0};
    %vpi_call 2 12 "$dumpvars", 32'sb00000000000000000000000000000000, S_0x564d2f2fcd20 {0 0 0};
    %pushi/vec4 10, 0, 8;
    %store/vec4 v0x564d2f329b70_0, 0, 8;
    %pushi/vec4 5, 0, 8;
    %store/vec4 v0x564d2f329c50_0, 0, 8;
    %pushi/vec4 0, 0, 2;
    %store/vec4 v0x564d2f329d20_0, 0, 2;
    %pushi/vec4 0, 0, 2;
    %store/vec4 v0x564d2f329ef0_0, 0, 2;
    %delay 10, 0;
    %pushi/vec4 0, 0, 2;
    %store/vec4 v0x564d2f329d20_0, 0, 2;
    %pushi/vec4 1, 0, 2;
    %store/vec4 v0x564d2f329ef0_0, 0, 2;
    %delay 10, 0;
    %pushi/vec4 0, 0, 2;
    %store/vec4 v0x564d2f329d20_0, 0, 2;
    %pushi/vec4 2, 0, 2;
    %store/vec4 v0x564d2f329ef0_0, 0, 2;
    %delay 10, 0;
    %pushi/vec4 0, 0, 2;
    %store/vec4 v0x564d2f329d20_0, 0, 2;
    %pushi/vec4 3, 0, 2;
    %store/vec4 v0x564d2f329ef0_0, 0, 2;
    %delay 10, 0;
    %pushi/vec4 1, 0, 2;
    %store/vec4 v0x564d2f329d20_0, 0, 2;
    %pushi/vec4 0, 0, 2;
    %store/vec4 v0x564d2f329ef0_0, 0, 2;
    %delay 10, 0;
    %pushi/vec4 1, 0, 2;
    %store/vec4 v0x564d2f329d20_0, 0, 2;
    %pushi/vec4 1, 0, 2;
    %store/vec4 v0x564d2f329ef0_0, 0, 2;
    %delay 10, 0;
    %pushi/vec4 1, 0, 2;
    %store/vec4 v0x564d2f329d20_0, 0, 2;
    %pushi/vec4 2, 0, 2;
    %store/vec4 v0x564d2f329ef0_0, 0, 2;
    %delay 10, 0;
    %pushi/vec4 1, 0, 2;
    %store/vec4 v0x564d2f329d20_0, 0, 2;
    %pushi/vec4 3, 0, 2;
    %store/vec4 v0x564d2f329ef0_0, 0, 2;
    %delay 10, 0;
    %pushi/vec4 2, 0, 2;
    %store/vec4 v0x564d2f329d20_0, 0, 2;
    %pushi/vec4 0, 0, 2;
    %store/vec4 v0x564d2f329ef0_0, 0, 2;
    %delay 10, 0;
    %pushi/vec4 2, 0, 2;
    %store/vec4 v0x564d2f329d20_0, 0, 2;
    %pushi/vec4 1, 0, 2;
    %store/vec4 v0x564d2f329ef0_0, 0, 2;
    %delay 10, 0;
    %vpi_call 2 25 "$finish" {0 0 0};
    %end;
    .thread T_1;
# The file index is used to find the file name in the following table.
:file_names 4;
    "N/A";
    "<interactive>";
    "tb_alu_8bit.v";
    "alu_8bit.v";
